<?xml version="1.0" encoding="UTF-8"?>
<beans xmlns="http://www.springframework.org/schema/beans"
       xmlns:xsi="http://www.w3.org/2001/XMLSchema-instance"
       xsi:schemaLocation="
		http://www.springframework.org/schema/beans http://www.springframework.org/schema/beans/spring-beans-3.0.xsd">


   <bean id="paramEngine" class="org.smartparam.engine.core.engine.SmartParamEngine">
        <property name="assemblerProvider" ref="assemblerProvider" />
    </bean>

    <bean id="assemblerProvider" class="org.smartparam.engine.core.provider.SmartAssemblerProvider">
        <property name="assemblerObjects">
            <list>
                <bean class="org.smartparam.engine.assemblers.GenericEnumAssembler" />
            </list>
        </property>
    </bean>

</beans>
